Removed Pin From Net: NetName=GND Pin=BA1-1
Removed Pin From Net: NetName=GND Pin=BA1-2
Removed Pin From Net: NetName=GND Pin=C6-1
Removed Pin From Net: NetName=GND Pin=C8-1
Removed Pin From Net: NetName=VBAT Pin=C8-2
Removed Pin From Net: NetName=GND Pin=C13-1
Removed Pin From Net: NetName=GND Pin=C13-2
Removed Pin From Net: NetName=GND Pin=C14-1
Removed Pin From Net: NetName=GND Pin=C14-2
Removed Pin From Net: NetName=GND Pin=C15-1
Removed Pin From Net: NetName=GND Pin=C15-2
Removed Pin From Net: NetName=GND Pin=C16-1
Removed Pin From Net: NetName=GND Pin=C16-2
Removed Pin From Net: NetName=GND Pin=C17-1
Removed Pin From Net: NetName=GND Pin=C17-2
Removed Pin From Net: NetName=GND Pin=C18-1
Removed Pin From Net: NetName=GND Pin=C18-2
Removed Pin From Net: NetName=VBAT Pin=DD1-5
Removed Pin From Net: NetName=GND Pin=DD7-12
Removed Pin From Net: NetName=GND Pin=DD7-13
Removed Pin From Net: NetName=GND Pin=R1-1
Removed Pin From Net: NetName=VBAT Pin=R1-2
Removed Pin From Net: NetName=GND Pin=R2-1
Removed Pin From Net: NetName=VBAT Pin=R2-2
Removed Pin From Net: NetName=GND Pin=R3-1
Removed Pin From Net: NetName=VBAT Pin=R3-2
Removed Pin From Net: NetName=NetC2_2 Pin=VD1-1
Removed Pin From Net: NetName=GND Pin=XS5-2
Removed Member From Class: ClassName=main Member=C14
Removed Member From Class: ClassName=main Member=C15
Removed Member From Class: ClassName=main Member=C16
Removed Member From Class: ClassName=main Member=C17
Removed Member From Class: ClassName=main Member=C18
Removed Member From Class: ClassName=main Member=C19
Removed Member From Class: ClassName=main Member=C20
Removed Member From Class: ClassName=main Member=R18
Removed Member From Class: ClassName=main Member=VD5
Removed Member From Class: ClassName=main Member=XS7
Change Component Footprint: Designator=C1 Old Footprint=PCAP_10X20_RUB New Footprint=CAP_0805_GRM
Change Component Footprint: Designator=C7 Old Footprint=PCAP_10X20_RUB New Footprint=CAP_0805_GRM
Change Component Comment : Designator=R1 Old Comment=res_510 New Comment=res_4.7k
Change Component Comment : Designator=R2 Old Comment=res_510 New Comment=res_4.7k
Change Component Designator: OldDesignator=C1 NewDesignator=C7
Change Component Designator: OldDesignator=C2 NewDesignator=C1
Change Component Designator: OldDesignator=C3 NewDesignator=C2
Change Component Designator: OldDesignator=C4 NewDesignator=C3
Change Component Designator: OldDesignator=C5 NewDesignator=C4
Change Component Designator: OldDesignator=C7 NewDesignator=C9
Change Component Designator: OldDesignator=C9 NewDesignator=C6
Change Component Designator: OldDesignator=C10 NewDesignator=C8
Change Component Designator: OldDesignator=C11 NewDesignator=C10
Change Component Designator: OldDesignator=C12 NewDesignator=C11
Change Component Designator: OldDesignator=C19 NewDesignator=C12
Change Component Designator: OldDesignator=C20 NewDesignator=C13
Change Component Designator: OldDesignator=DD1 NewDesignator=DD6
Change Component Designator: OldDesignator=DD3 NewDesignator=DD1
Change Component Designator: OldDesignator=DD4 NewDesignator=DD3
Change Component Designator: OldDesignator=DD5 NewDesignator=DD4
Change Component Designator: OldDesignator=DD6 NewDesignator=DD5
Change Component Designator: OldDesignator=R4 NewDesignator=R3
Change Component Designator: OldDesignator=R5 NewDesignator=R4
Change Component Designator: OldDesignator=R7 NewDesignator=R11
Change Component Designator: OldDesignator=R8 NewDesignator=R12
Change Component Designator: OldDesignator=R9 NewDesignator=R13
Change Component Designator: OldDesignator=R10 NewDesignator=R5
Change Component Designator: OldDesignator=R11 NewDesignator=R7
Change Component Designator: OldDesignator=R12 NewDesignator=R9
Change Component Designator: OldDesignator=R13 NewDesignator=R8
Change Component Designator: OldDesignator=R14 NewDesignator=R10
Change Component Designator: OldDesignator=R16 NewDesignator=R14
Change Component Designator: OldDesignator=R17 NewDesignator=R16
Change Component Designator: OldDesignator=R18 NewDesignator=R17
Change Component Designator: OldDesignator=VD2 NewDesignator=VD1
Change Component Designator: OldDesignator=VD3 NewDesignator=VD2
Change Component Designator: OldDesignator=VD4 NewDesignator=VD3
Change Component Designator: OldDesignator=VD5 NewDesignator=VD4
Change Component Designator: OldDesignator=VT1 NewDesignator=VT2
Change Component Designator: OldDesignator=VT2 NewDesignator=VT3
Change Component Designator: OldDesignator=VT3 NewDesignator=VT4
Change Component Designator: OldDesignator=VT4 NewDesignator=VT5
Change Component Designator: OldDesignator=XS6 NewDesignator=XS5
Change Component Designator: OldDesignator=XS7 NewDesignator=XS6
Added Component: Designator=C5(PCAP_5x11-THRU-ELECT_NCA)
Added Component: Designator=VT1(TO-92-3_ONS)
Added Pin To Net: NetName=NetC2_2 Pin=BA1-1
Added Pin To Net: NetName=GND Pin=C5-2
Added Pin To Net: NetName=+5 Pin=C7-2
Added Pin To Net: NetName=+5 Pin=DD6-2
Added Pin To Net: NetName=NetC2_2 Pin=R2-2
Added Pin To Net: NetName=GND Pin=VT1-1
Change Net Name : Old Net Name=NetC2_2 New Net Name=+12
Change Net Name : Old Net Name=NetC4_1 New Net Name=NetC3_1
Change Net Name : Old Net Name=NetC4_2 New Net Name=NetC3_2
Change Net Name : Old Net Name=NetC5_1 New Net Name=NetC4_1
Change Net Name : Old Net Name=NetC5_2 New Net Name=NetC4_2
Change Net Name : Old Net Name=NetC9_2 New Net Name=NetC6_2
Change Net Name : Old Net Name=NetC11_1 New Net Name=NetC10_1
Change Net Name : Old Net Name=NetC12_1 New Net Name=NetC11_1
Change Net Name : Old Net Name=NetC20_2 New Net Name=NetC13_2
Change Net Name : Old Net Name=NetDD3_4 New Net Name=NetDD1_4
Change Net Name : Old Net Name=NetDD3_5 New Net Name=NetDD1_5
Change Net Name : Old Net Name=NetDD3_6 New Net Name=NetDD1_6
Change Net Name : Old Net Name=NetDD3_11 New Net Name=NetDD1_11
Change Net Name : Old Net Name=NetDD4_7 New Net Name=NetDD3_7
Change Net Name : Old Net Name=NetDD4_8 New Net Name=NetDD3_8
Change Net Name : Old Net Name=NetDD4_9 New Net Name=NetDD3_9
Change Net Name : Old Net Name=NetDD4_10 New Net Name=NetDD3_10
Change Net Name : Old Net Name=NetDD5_2 New Net Name=NetDD4_2
Change Net Name : Old Net Name=NetDD5_4 New Net Name=NetDD4_4
Change Net Name : Old Net Name=NetDD6_10 New Net Name=NetDD5_10
Change Net Name : Old Net Name=NetDD6_11 New Net Name=NetDD5_11
Change Net Name : Old Net Name=NetDD6_12 New Net Name=NetDD5_12
Change Net Name : Old Net Name=NetDD6_14 New Net Name=NetDD5_14
Change Net Name : Old Net Name=NetDD6_16 New Net Name=NetDD5_16
Change Net Name : Old Net Name=NetR5_2 New Net Name=NetR4_2
Change Net Name : Old Net Name=NetR7_1 New Net Name=NetR11_1
Change Net Name : Old Net Name=NetR8_1 New Net Name=NetR12_1
Change Net Name : Old Net Name=NetR9_1 New Net Name=NetR13_1
Change Net Name : Old Net Name=NetR10_2 New Net Name=NetR5_2
Change Net Name : Old Net Name=NetR11_2 New Net Name=NetR7_2
Change Net Name : Old Net Name=NetR12_2 New Net Name=NetR9_2
Change Net Name : Old Net Name=NetR16_1 New Net Name=NetR14_1
Change Net Name : Old Net Name=NetR17_1 New Net Name=NetR16_1
Change Net Name : Old Net Name=NetR18_1 New Net Name=NetR17_1
Change Net Name : Old Net Name=NetVD3_2 New Net Name=NetVD2_2
Change Net Name : Old Net Name=NetVD4_2 New Net Name=NetVD3_2
Change Net Name : Old Net Name=NetVD5_2 New Net Name=NetVD4_2
Change Net Name : Old Net Name=VBAT New Net Name=+3.3
Added Pin To Net: NetName=NetBA1_2 Pin=BA1-2
Added Pin To Net: NetName=NetBA1_2 Pin=R2-1
Added Pin To Net: NetName=NetBA1_2 Pin=VT1-3
Added Net: Name=NetBA1_2
Added Pin To Net: NetName=NetC5_1 Pin=C5-1
Added Pin To Net: NetName=NetC5_1 Pin=DD3-6
Added Net: Name=NetC5_1
Added Pin To Net: NetName=NetDD1_12 Pin=DD1-12
Added Net: Name=NetDD1_12
Added Pin To Net: NetName=NetDD1_13 Pin=DD1-13
Added Net: Name=NetDD1_13
Added Pin To Net: NetName=NetDD1_14 Pin=DD1-14
Added Net: Name=NetDD1_14
Added Pin To Net: NetName=NetDD5_17 Pin=XS2-2
Added Net: Name=NetDD5_17
Added Pin To Net: NetName=NetDD5_19 Pin=XS2-3
Added Net: Name=NetDD5_19
Added Pin To Net: NetName=NetDD7_12 Pin=DD7-12
Added Pin To Net: NetName=NetDD7_12 Pin=R1-2
Added Net: Name=NetDD7_12
Added Pin To Net: NetName=NetR1_1 Pin=R1-1
Added Pin To Net: NetName=NetR1_1 Pin=VT1-2
Added Net: Name=NetR1_1
Added Member To Class: ClassName=main Member=Component VT5 BC547A
Added Room: Name=main
