Removed Pin From Net: NetName=GND Pin=C20-1
Removed Pin From Net: NetName=GND Pin=R12-2
Removed Pin From Net: NetName=GND Pin=R13-2
Removed Pin From Net: NetName=VBAT Pin=R14-2
Removed Pin From Net: NetName=VBAT Pin=R15-2
Removed Pin From Net: NetName=NetVD3_2 Pin=VT2-3
Removed Pin From Net: NetName=GND Pin=VT3-1
Removed Pin From Net: NetName=NetVD4_2 Pin=VT3-3
Change Component Comment : Designator=R15 Old Comment=res_510 New Comment=res_4.7k
Change Component Designator: OldDesignator=C4 NewDesignator=C7
Change Component Designator: OldDesignator=C5 NewDesignator=C4
Change Component Designator: OldDesignator=C6 NewDesignator=C5
Change Component Designator: OldDesignator=C7 NewDesignator=C6
Change Component Designator: OldDesignator=C13 NewDesignator=C19
Change Component Designator: OldDesignator=C14 NewDesignator=C20
Change Component Designator: OldDesignator=DD6 NewDesignator=DD7
Change Component Designator: OldDesignator=DD7 NewDesignator=DD6
Change Component Designator: OldDesignator=R5 NewDesignator=R9
Change Component Designator: OldDesignator=R6 NewDesignator=R11
Change Component Designator: OldDesignator=R7 NewDesignator=R12
Change Component Designator: OldDesignator=R8 NewDesignator=R13
Change Component Designator: OldDesignator=R9 NewDesignator=R14
Change Component Designator: OldDesignator=VT1 NewDesignator=VT3
Change Component Designator: OldDesignator=XS9 NewDesignator=XS10
Change Component Designator: OldDesignator=XS10 NewDesignator=XS9
Added Component: Designator=C13(CAP_0805_GRM)
Add component. Clean all parameters for all variants
Added Component: Designator=C14(CAP_0805_GRM)
Add component. Clean all parameters for all variants
Added Component: Designator=R5(RC0805N_YAG)
Add component. Clean all parameters for all variants
Added Component: Designator=R6(RC0805N_YAG)
Add component. Clean all parameters for all variants
Added Component: Designator=R7(RC0805N_YAG)
Add component. Clean all parameters for all variants
Added Component: Designator=R8(RC0805N_YAG)
Add component. Clean all parameters for all variants
Added Component: Designator=R16(RC0805N_YAG)
Add component. Clean all parameters for all variants
Added Component: Designator=R17(RC0805N_YAG)
Add component. Clean all parameters for all variants
Added Component: Designator=R18(RC0805N_YAG)
Add component. Clean all parameters for all variants
Added Component: Designator=VD5(LED_151054RS03000)
Add component. Clean all parameters for all variants
Added Component: Designator=VT1(TO-92-3_ONS)
Add component. Clean all parameters for all variants
Added Component: Designator=VT4(TO-92-3_ONS)
Add component. Clean all parameters for all variants
Added Pin To Net: NetName=GND Pin=BA1-1
Added Pin To Net: NetName=GND Pin=BA1-2
Added Pin To Net: NetName=GND Pin=C13-1
Added Pin To Net: NetName=GND Pin=C13-2
Added Pin To Net: NetName=GND Pin=C14-1
Added Pin To Net: NetName=GND Pin=C14-2
Added Pin To Net: NetName=GND Pin=C15-1
Added Pin To Net: NetName=GND Pin=C16-1
Added Pin To Net: NetName=GND Pin=C16-2
Added Pin To Net: NetName=GND Pin=C17-2
Added Pin To Net: NetName=GND Pin=C18-1
Added Pin To Net: NetName=GND Pin=DD6-12
Added Pin To Net: NetName=GND Pin=DD6-13
Added Pin To Net: NetName=GND Pin=R6-2
Added Pin To Net: NetName=VBAT Pin=R8-2
Added Pin To Net: NetName=GND Pin=R10-2
Added Pin To Net: NetName=VBAT Pin=R16-2
Added Pin To Net: NetName=GND Pin=R17-2
Added Pin To Net: NetName=VBAT Pin=R18-2
Added Pin To Net: NetName=GND Pin=VT1-1
Added Pin To Net: NetName=NetVD3_2 Pin=VT1-3
Added Pin To Net: NetName=NetVD4_2 Pin=VT2-3
Added Pin To Net: NetName=GND Pin=VT4-1
Added Pin To Net: NetName=NetDD9_60 Pin=XS10-1
Change Net Name : Old Net Name=NetC5_1 New Net Name=NetC4_1
Change Net Name : Old Net Name=NetC5_2 New Net Name=NetC4_2
Change Net Name : Old Net Name=NetC6_1 New Net Name=NetC5_1
Change Net Name : Old Net Name=NetC6_2 New Net Name=NetC5_2
Change Net Name : Old Net Name=NetC7_2 New Net Name=NetC6_2
Change Net Name : Old Net Name=NetC14_2 New Net Name=NetC20_2
Change Net Name : Old Net Name=NetDD6_10 New Net Name=NetDD7_10
Change Net Name : Old Net Name=NetDD6_11 New Net Name=NetDD7_11
Change Net Name : Old Net Name=NetDD6_12 New Net Name=NetDD7_12
Change Net Name : Old Net Name=NetDD6_14 New Net Name=NetDD7_14
Change Net Name : Old Net Name=NetDD6_16 New Net Name=NetDD7_16
Change Net Name : Old Net Name=NetDD7_4 New Net Name=NetDD6_4
Change Net Name : Old Net Name=NetDD7_5 New Net Name=NetDD6_5
Change Net Name : Old Net Name=NetDD7_11 New Net Name=NetDD6_11
Change Net Name : Old Net Name=NetDD7_15 New Net Name=NetDD6_15
Change Net Name : Old Net Name=NetDD7_16 New Net Name=NetDD6_16
Change Net Name : Old Net Name=NetDD7_17 New Net Name=NetDD6_17
Change Net Name : Old Net Name=NetDD7_18 New Net Name=NetDD6_18
Change Net Name : Old Net Name=NetDD7_19 New Net Name=NetDD6_19
Change Net Name : Old Net Name=NetR5_2 New Net Name=NetR9_2
Change Net Name : Old Net Name=NetR7_1 New Net Name=NetR12_1
Change Net Name : Old Net Name=NetR8_1 New Net Name=NetR13_1
Change Net Name : Old Net Name=NetR9_1 New Net Name=NetR14_1
Added Pin To Net: NetName=NetDD6_24 Pin=DD6-24
Added Pin To Net: NetName=NetDD6_24 Pin=R15-1
Added Net: Name=NetDD6_24
Added Pin To Net: NetName=NetDD6_25 Pin=DD6-25
Added Pin To Net: NetName=NetDD6_25 Pin=R7-1
Added Net: Name=NetDD6_25
Added Pin To Net: NetName=NetDD6_26 Pin=DD6-26
Added Pin To Net: NetName=NetDD6_26 Pin=R5-1
Added Net: Name=NetDD6_26
Added Pin To Net: NetName=NetDD7_17 Pin=XS5-14
Added Net: Name=NetDD7_17
Added Pin To Net: NetName=NetDD7_19 Pin=XS5-17
Added Net: Name=NetDD7_19
Added Pin To Net: NetName=NetDD7_20 Pin=XS5-20
Added Net: Name=NetDD7_20
Added Pin To Net: NetName=NetR5_2 Pin=R5-2
Added Pin To Net: NetName=NetR5_2 Pin=R6-1
Added Pin To Net: NetName=NetR5_2 Pin=VT1-2
Added Net: Name=NetR5_2
Added Pin To Net: NetName=NetR7_2 Pin=R7-2
Added Pin To Net: NetName=NetR7_2 Pin=R10-1
Added Pin To Net: NetName=NetR7_2 Pin=VT2-2
Added Net: Name=NetR7_2
Added Pin To Net: NetName=NetR8_1 Pin=R8-1
Added Pin To Net: NetName=NetR8_1 Pin=VD3-1
Added Net: Name=NetR8_1
Added Pin To Net: NetName=NetR15_2 Pin=R15-2
Added Pin To Net: NetName=NetR15_2 Pin=R17-1
Added Pin To Net: NetName=NetR15_2 Pin=VT4-2
Added Net: Name=NetR15_2
Added Pin To Net: NetName=NetR16_1 Pin=R16-1
Added Pin To Net: NetName=NetR16_1 Pin=VD4-1
Added Net: Name=NetR16_1
Added Pin To Net: NetName=NetR18_1 Pin=R18-1
Added Pin To Net: NetName=NetR18_1 Pin=VD5-1
Added Net: Name=NetR18_1
Added Pin To Net: NetName=NetVD5_2 Pin=VD5-2
Added Pin To Net: NetName=NetVD5_2 Pin=VT4-3
Added Net: Name=NetVD5_2
Added Member To Class: ClassName=main Member=Component R16 res_510
Added Member To Class: ClassName=main Member=Component R17 res_4.7k
Added Member To Class: ClassName=main Member=Component R18 res_510
Added Member To Class: ClassName=main Member=Component VD5 diode_red
Added Member To Class: ClassName=main Member=Component VT4 BC547A
Added Room: Name=main
